[2025-02-26T09:39:28.123+0000] {manager.py:488} INFO - Processing files using up to 2 processes at a time 
[2025-02-26T09:39:28.125+0000] {manager.py:489} INFO - Process each file at most once every 30 seconds
[2025-02-26T09:39:28.127+0000] {manager.py:490} INFO - Checking for new files in /opt/airflow/dags every 300 seconds
[2025-02-26T09:39:28.134+0000] {manager.py:760} INFO - Searching for files in /opt/airflow/dags
[2025-02-26T09:39:28.138+0000] {manager.py:763} INFO - There are 1 files in /opt/airflow/dags
[2025-02-26T09:39:28.297+0000] {manager.py:888} INFO - 
================================================================================
DAG File Processing Stats

File Path                                  PID  Runtime      # DAGs    # Errors  Last Runtime    Last Run
---------------------------------------  -----  ---------  --------  ----------  --------------  ----------
/opt/airflow/dags/coingecko_pipeline.py    166  0.06s             0           0
================================================================================
[2025-02-26T09:39:58.458+0000] {manager.py:888} INFO - 
================================================================================
DAG File Processing Stats

File Path                                PID    Runtime      # DAGs    # Errors  Last Runtime    Last Run
---------------------------------------  -----  ---------  --------  ----------  --------------  -------------------
/opt/airflow/dags/coingecko_pipeline.py                           1           0  0.61s           2025-02-26T09:39:28
================================================================================
[2025-02-26T09:40:29.269+0000] {manager.py:888} INFO - 
================================================================================
DAG File Processing Stats

File Path                                  PID  Runtime      # DAGs    # Errors  Last Runtime    Last Run
---------------------------------------  -----  ---------  --------  ----------  --------------  -------------------
/opt/airflow/dags/coingecko_pipeline.py    177  0.01s             1           0  0.17s           2025-02-26T09:39:59
================================================================================
[2025-02-26T09:40:59.601+0000] {manager.py:888} INFO - 
================================================================================
DAG File Processing Stats

File Path                                  PID  Runtime      # DAGs    # Errors  Last Runtime    Last Run
---------------------------------------  -----  ---------  --------  ----------  --------------  -------------------
/opt/airflow/dags/coingecko_pipeline.py    182  0.01s             1           0  0.20s           2025-02-26T09:40:29
================================================================================
[2025-02-26T09:41:29.890+0000] {manager.py:888} INFO - 
================================================================================
DAG File Processing Stats

File Path                                  PID  Runtime      # DAGs    # Errors  Last Runtime    Last Run
---------------------------------------  -----  ---------  --------  ----------  --------------  -------------------
/opt/airflow/dags/coingecko_pipeline.py    187  0.01s             1           0  0.20s           2025-02-26T09:40:59
================================================================================
[2025-02-26T09:42:00.222+0000] {manager.py:888} INFO - 
================================================================================
DAG File Processing Stats

File Path                                  PID  Runtime      # DAGs    # Errors  Last Runtime    Last Run
---------------------------------------  -----  ---------  --------  ----------  --------------  -------------------
/opt/airflow/dags/coingecko_pipeline.py    192  0.01s             1           0  0.21s           2025-02-26T09:41:30
================================================================================
[2025-02-26T09:42:30.517+0000] {manager.py:888} INFO - 
================================================================================
DAG File Processing Stats

File Path                                  PID  Runtime      # DAGs    # Errors  Last Runtime    Last Run
---------------------------------------  -----  ---------  --------  ----------  --------------  -------------------
/opt/airflow/dags/coingecko_pipeline.py    197  0.01s             1           0  0.15s           2025-02-26T09:42:00
================================================================================
[2025-02-26T09:43:00.785+0000] {manager.py:888} INFO - 
================================================================================
DAG File Processing Stats

File Path                                  PID  Runtime      # DAGs    # Errors  Last Runtime    Last Run
---------------------------------------  -----  ---------  --------  ----------  --------------  -------------------
/opt/airflow/dags/coingecko_pipeline.py    202  0.01s             1           0  0.19s           2025-02-26T09:42:30
================================================================================
[2025-02-26T09:43:32.880+0000] {manager.py:888} INFO - 
================================================================================
DAG File Processing Stats

File Path                                PID    Runtime      # DAGs    # Errors  Last Runtime    Last Run
---------------------------------------  -----  ---------  --------  ----------  --------------  -------------------
/opt/airflow/dags/coingecko_pipeline.py                           1           0  0.18s           2025-02-26T09:43:32
================================================================================
