[2025-02-27T09:40:38.973+0000] {logging_mixin.py:151} WARNING - /home/***/.local/lib/python3.8/site-packages/***/utils/sqlalchemy.py:124 DeprecationWarning: The sql_alchemy_conn option in [core] has been moved to the sql_alchemy_conn option in [database] - the old setting has been used, but please update your config.
[2025-02-27T09:40:38.991+0000] {taskinstance.py:1159} INFO - Dependencies all met for dep_context=non-requeueable deps ti=<TaskInstance: coingecko_ingestion_dag.store_raw_data_in_hdfs scheduled__2025-02-26T00:00:00+00:00 [queued]>
[2025-02-27T09:40:39.008+0000] {taskinstance.py:1159} INFO - Dependencies all met for dep_context=requeueable deps ti=<TaskInstance: coingecko_ingestion_dag.store_raw_data_in_hdfs scheduled__2025-02-26T00:00:00+00:00 [queued]>
[2025-02-27T09:40:39.009+0000] {taskinstance.py:1361} INFO - Starting attempt 2 of 2
[2025-02-27T09:40:39.030+0000] {taskinstance.py:1382} INFO - Executing <Task(PythonOperator): store_raw_data_in_hdfs> on 2025-02-26 00:00:00+00:00
[2025-02-27T09:40:39.036+0000] {standard_task_runner.py:57} INFO - Started process 173 to run task
[2025-02-27T09:40:39.041+0000] {standard_task_runner.py:84} INFO - Running: ['***', 'tasks', 'run', 'coingecko_ingestion_dag', 'store_raw_data_in_hdfs', 'scheduled__2025-02-26T00:00:00+00:00', '--job-id', '5', '--raw', '--subdir', 'DAGS_FOLDER/coingecko_pipeline.py', '--cfg-path', '/tmp/tmp_boscoui']
[2025-02-27T09:40:39.045+0000] {standard_task_runner.py:85} INFO - Job 5: Subtask store_raw_data_in_hdfs
[2025-02-27T09:40:39.065+0000] {logging_mixin.py:151} WARNING - /home/***/.local/lib/python3.8/site-packages/***/settings.py:195 DeprecationWarning: The sql_alchemy_conn option in [core] has been moved to the sql_alchemy_conn option in [database] - the old setting has been used, but please update your config.
[2025-02-27T09:40:39.125+0000] {task_command.py:415} INFO - Running <TaskInstance: coingecko_ingestion_dag.store_raw_data_in_hdfs scheduled__2025-02-26T00:00:00+00:00 [running]> on host 8333ccadef2e
[2025-02-27T09:40:39.167+0000] {logging_mixin.py:151} WARNING - /home/***/.local/lib/python3.8/site-packages/***/utils/sqlalchemy.py:124 DeprecationWarning: The sql_alchemy_conn option in [core] has been moved to the sql_alchemy_conn option in [database] - the old setting has been used, but please update your config.
[2025-02-27T09:40:39.360+0000] {taskinstance.py:1660} INFO - Exporting env vars: AIRFLOW_CTX_DAG_OWNER='etudiant' AIRFLOW_CTX_DAG_ID='coingecko_ingestion_dag' AIRFLOW_CTX_TASK_ID='store_raw_data_in_hdfs' AIRFLOW_CTX_EXECUTION_DATE='2025-02-26T00:00:00+00:00' AIRFLOW_CTX_TRY_NUMBER='2' AIRFLOW_CTX_DAG_RUN_ID='scheduled__2025-02-26T00:00:00+00:00'
[2025-02-27T09:40:39.415+0000] {logging_mixin.py:151} INFO - result of | cd ../../../tmp && ls | :
[2025-02-27T09:40:39.417+0000] {logging_mixin.py:151} INFO -  2029240f6d1128be89ddc32729463129
coingecko_raw.json
hadoop-root-namenode.pid
hh.json
hsperfdata_root
jetty-0.0.0.0-9870-hdfs-_-any-3061065552211236423.dir
jetty-0.0.0.0-9870-hdfs-_-any-8830247435510539164.dir
pymp-fqk8c7u4
pymp-ioatzozc
tmp7gcz89_m
tmpgd7_oni9
xx.json
[2025-02-27T09:40:39.439+0000] {logging_mixin.py:151} INFO - result of | cd ../ && ls | :
[2025-02-27T09:40:39.440+0000] {logging_mixin.py:151} INFO -  ***
microsoft
[2025-02-27T09:40:39.459+0000] {logging_mixin.py:151} INFO - result of | cd ../../../ && ls | :
[2025-02-27T09:40:39.460+0000] {logging_mixin.py:151} INFO -  ***-scheduler-autorestart
bin
boot
clean-logs
dev
entrypoint
etc
home
lib
lib64
media
mnt
opt
proc
root
run
sbin
scripts
srv
sys
tmp
usr
var
[2025-02-27T09:40:39.462+0000] {logging_mixin.py:151} INFO - ***-scheduler-autorestart
bin
boot
clean-logs
dev
entrypoint
etc
home
lib
lib64
media
mnt
opt
proc
root
run
sbin
scripts
srv
sys
tmp
usr
var
[2025-02-27T09:40:39.504+0000] {logging_mixin.py:151} INFO - result of | cd ../../../tmp && ls | :
[2025-02-27T09:40:39.505+0000] {logging_mixin.py:151} INFO -  2029240f6d1128be89ddc32729463129
coingecko_raw.json
hadoop-root-namenode.pid
hh.json
hsperfdata_root
jetty-0.0.0.0-9870-hdfs-_-any-3061065552211236423.dir
jetty-0.0.0.0-9870-hdfs-_-any-8830247435510539164.dir
pymp-fqk8c7u4
pymp-ioatzozc
tmp7gcz89_m
tmpgd7_oni9
xx.json
[2025-02-27T09:40:39.507+0000] {logging_mixin.py:151} INFO - file created 
[2025-02-27T09:40:42.658+0000] {logging_mixin.py:151} INFO - dir created
[2025-02-27T09:40:45.564+0000] {python.py:194} INFO - Done. Returned value was: None
[2025-02-27T09:40:45.590+0000] {taskinstance.py:1400} INFO - Marking task as SUCCESS. dag_id=coingecko_ingestion_dag, task_id=store_raw_data_in_hdfs, execution_date=20250226T000000, start_date=20250227T094038, end_date=20250227T094045
[2025-02-27T09:40:45.672+0000] {local_task_job_runner.py:228} INFO - Task exited with return code 0
[2025-02-27T09:40:45.733+0000] {taskinstance.py:2784} INFO - 0 downstream tasks scheduled from follow-on schedule check
