[2025-02-28T09:57:21.911+0000] {logging_mixin.py:151} WARNING - /home/***/.local/lib/python3.8/site-packages/***/utils/sqlalchemy.py:124 DeprecationWarning: The sql_alchemy_conn option in [core] has been moved to the sql_alchemy_conn option in [database] - the old setting has been used, but please update your config.
[2025-02-28T09:57:21.928+0000] {taskinstance.py:1159} INFO - Dependencies all met for dep_context=non-requeueable deps ti=<TaskInstance: coingecko_ingestion_dag.store_raw_data_in_hdfs scheduled__2025-02-27T00:00:00+00:00 [queued]>
[2025-02-28T09:57:21.940+0000] {taskinstance.py:1159} INFO - Dependencies all met for dep_context=requeueable deps ti=<TaskInstance: coingecko_ingestion_dag.store_raw_data_in_hdfs scheduled__2025-02-27T00:00:00+00:00 [queued]>
[2025-02-28T09:57:21.940+0000] {taskinstance.py:1361} INFO - Starting attempt 1 of 2
[2025-02-28T09:57:21.957+0000] {taskinstance.py:1382} INFO - Executing <Task(PythonOperator): store_raw_data_in_hdfs> on 2025-02-27 00:00:00+00:00
[2025-02-28T09:57:21.962+0000] {standard_task_runner.py:57} INFO - Started process 180 to run task
[2025-02-28T09:57:21.968+0000] {standard_task_runner.py:84} INFO - Running: ['***', 'tasks', 'run', 'coingecko_ingestion_dag', 'store_raw_data_in_hdfs', 'scheduled__2025-02-27T00:00:00+00:00', '--job-id', '3', '--raw', '--subdir', 'DAGS_FOLDER/coingecko_pipeline.py', '--cfg-path', '/tmp/tmpm1d46f8t']
[2025-02-28T09:57:21.974+0000] {standard_task_runner.py:85} INFO - Job 3: Subtask store_raw_data_in_hdfs
[2025-02-28T09:57:22.013+0000] {logging_mixin.py:151} WARNING - /home/***/.local/lib/python3.8/site-packages/***/settings.py:195 DeprecationWarning: The sql_alchemy_conn option in [core] has been moved to the sql_alchemy_conn option in [database] - the old setting has been used, but please update your config.
[2025-02-28T09:57:22.088+0000] {task_command.py:415} INFO - Running <TaskInstance: coingecko_ingestion_dag.store_raw_data_in_hdfs scheduled__2025-02-27T00:00:00+00:00 [running]> on host 4b23b52130d5
[2025-02-28T09:57:22.103+0000] {logging_mixin.py:151} WARNING - /home/***/.local/lib/python3.8/site-packages/***/utils/sqlalchemy.py:124 DeprecationWarning: The sql_alchemy_conn option in [core] has been moved to the sql_alchemy_conn option in [database] - the old setting has been used, but please update your config.
[2025-02-28T09:57:22.225+0000] {taskinstance.py:1660} INFO - Exporting env vars: AIRFLOW_CTX_DAG_OWNER='etudiant' AIRFLOW_CTX_DAG_ID='coingecko_ingestion_dag' AIRFLOW_CTX_TASK_ID='store_raw_data_in_hdfs' AIRFLOW_CTX_EXECUTION_DATE='2025-02-27T00:00:00+00:00' AIRFLOW_CTX_TRY_NUMBER='1' AIRFLOW_CTX_DAG_RUN_ID='scheduled__2025-02-27T00:00:00+00:00'
[2025-02-28T09:57:22.262+0000] {logging_mixin.py:151} INFO - file created 
[2025-02-28T09:57:25.530+0000] {logging_mixin.py:151} INFO - dir created
[2025-02-28T09:57:28.746+0000] {python.py:194} INFO - Done. Returned value was: None
[2025-02-28T09:57:28.770+0000] {taskinstance.py:1400} INFO - Marking task as SUCCESS. dag_id=coingecko_ingestion_dag, task_id=store_raw_data_in_hdfs, execution_date=20250227T000000, start_date=20250228T095721, end_date=20250228T095728
[2025-02-28T09:57:28.813+0000] {local_task_job_runner.py:228} INFO - Task exited with return code 0
[2025-02-28T09:57:28.860+0000] {taskinstance.py:2784} INFO - 1 downstream tasks scheduled from follow-on schedule check
[2025-02-28T13:53:49.786+0000] {logging_mixin.py:151} WARNING - /home/***/.local/lib/python3.8/site-packages/***/utils/sqlalchemy.py:124 DeprecationWarning: The sql_alchemy_conn option in [core] has been moved to the sql_alchemy_conn option in [database] - the old setting has been used, but please update your config.
[2025-02-28T13:53:49.812+0000] {taskinstance.py:1159} INFO - Dependencies all met for dep_context=non-requeueable deps ti=<TaskInstance: coingecko_ingestion_dag.store_raw_data_in_hdfs scheduled__2025-02-27T00:00:00+00:00 [queued]>
[2025-02-28T13:53:49.839+0000] {taskinstance.py:1159} INFO - Dependencies all met for dep_context=requeueable deps ti=<TaskInstance: coingecko_ingestion_dag.store_raw_data_in_hdfs scheduled__2025-02-27T00:00:00+00:00 [queued]>
[2025-02-28T13:53:49.841+0000] {taskinstance.py:1361} INFO - Starting attempt 1 of 2
[2025-02-28T13:53:49.874+0000] {taskinstance.py:1382} INFO - Executing <Task(PythonOperator): store_raw_data_in_hdfs> on 2025-02-27 00:00:00+00:00
[2025-02-28T13:53:49.884+0000] {standard_task_runner.py:57} INFO - Started process 250 to run task
[2025-02-28T13:53:49.892+0000] {standard_task_runner.py:84} INFO - Running: ['***', 'tasks', 'run', 'coingecko_ingestion_dag', 'store_raw_data_in_hdfs', 'scheduled__2025-02-27T00:00:00+00:00', '--job-id', '3', '--raw', '--subdir', 'DAGS_FOLDER/coingecko_pipeline.py', '--cfg-path', '/tmp/tmpb43rlz6i']
[2025-02-28T13:53:49.898+0000] {standard_task_runner.py:85} INFO - Job 3: Subtask store_raw_data_in_hdfs
[2025-02-28T13:53:49.931+0000] {logging_mixin.py:151} WARNING - /home/***/.local/lib/python3.8/site-packages/***/settings.py:195 DeprecationWarning: The sql_alchemy_conn option in [core] has been moved to the sql_alchemy_conn option in [database] - the old setting has been used, but please update your config.
[2025-02-28T13:53:49.995+0000] {task_command.py:415} INFO - Running <TaskInstance: coingecko_ingestion_dag.store_raw_data_in_hdfs scheduled__2025-02-27T00:00:00+00:00 [running]> on host 813380ebd89b
[2025-02-28T13:53:50.010+0000] {logging_mixin.py:151} WARNING - /home/***/.local/lib/python3.8/site-packages/***/utils/sqlalchemy.py:124 DeprecationWarning: The sql_alchemy_conn option in [core] has been moved to the sql_alchemy_conn option in [database] - the old setting has been used, but please update your config.
[2025-02-28T13:53:50.100+0000] {taskinstance.py:1660} INFO - Exporting env vars: AIRFLOW_CTX_DAG_OWNER='etudiant' AIRFLOW_CTX_DAG_ID='coingecko_ingestion_dag' AIRFLOW_CTX_TASK_ID='store_raw_data_in_hdfs' AIRFLOW_CTX_EXECUTION_DATE='2025-02-27T00:00:00+00:00' AIRFLOW_CTX_TRY_NUMBER='1' AIRFLOW_CTX_DAG_RUN_ID='scheduled__2025-02-27T00:00:00+00:00'
[2025-02-28T13:53:50.124+0000] {logging_mixin.py:151} INFO - file created 
[2025-02-28T13:53:53.758+0000] {logging_mixin.py:151} INFO - dir created
[2025-02-28T13:53:56.804+0000] {python.py:194} INFO - Done. Returned value was: None
[2025-02-28T13:53:56.829+0000] {taskinstance.py:1400} INFO - Marking task as SUCCESS. dag_id=coingecko_ingestion_dag, task_id=store_raw_data_in_hdfs, execution_date=20250227T000000, start_date=20250228T135349, end_date=20250228T135356
[2025-02-28T13:53:56.895+0000] {local_task_job_runner.py:228} INFO - Task exited with return code 0
[2025-02-28T13:53:56.917+0000] {taskinstance.py:2784} INFO - 1 downstream tasks scheduled from follow-on schedule check
